This is pdfTeX, Version 3.14159265-2.6-1.40.20 (TeX Live 2019/W32TeX) (preloaded format=pdflatex 2020.4.7)  9 APR 2020 11:47
entering extended mode
 restricted \write18 enabled.
 %&-line parsing enabled.
**C:/Users/fengf/AppData/Local/Temp/RtmpSIAInv/preview-37b06e756754.dir/DComboN
et-vignette.tex

(c:/Users/fengf/AppData/Local/Temp/RtmpSIAInv/preview-37b06e756754.dir/DComboNe
t-vignette.tex
LaTeX2e <2020-02-02> patch level 5
L3 programming layer <2020-02-25> (c:/Users/fengf/AppData/Roaming/TinyTeX/texmf
-dist/tex/latex/base/article.cls
Document Class: article 2019/12/20 v1.4l Standard LaTeX document class
(c:/Users/fengf/AppData/Roaming/TinyTeX/texmf-dist/tex/latex/base/size10.clo
File: size10.clo 2019/12/20 v1.4l Standard LaTeX file (size option)
)
\c@part=\count167
\c@section=\count168
\c@subsection=\count169
\c@subsubsection=\count170
\c@paragraph=\count171
\c@subparagraph=\count172
\c@figure=\count173
\c@table=\count174
\abovecaptionskip=\skip47
\belowcaptionskip=\skip48
\bibindent=\dimen134
) (c:/Users/fengf/AppData/Roaming/TinyTeX/texmf-dist/tex/latex/lm/lmodern.sty
Package: lmodern 2009/10/30 v1.6 Latin Modern Fonts
LaTeX Font Info:    Overwriting symbol font `operators' in version `normal'
(Font)                  OT1/cmr/m/n --> OT1/lmr/m/n on input line 22.
LaTeX Font Info:    Overwriting symbol font `letters' in version `normal'
(Font)                  OML/cmm/m/it --> OML/lmm/m/it on input line 23.
LaTeX Font Info:    Overwriting symbol font `symbols' in version `normal'
(Font)                  OMS/cmsy/m/n --> OMS/lmsy/m/n on input line 24.
LaTeX Font Info:    Overwriting symbol font `largesymbols' in version `normal'
(Font)                  OMX/cmex/m/n --> OMX/lmex/m/n on input line 25.
LaTeX Font Info:    Overwriting symbol font `operators' in version `bold'
(Font)                  OT1/cmr/bx/n --> OT1/lmr/bx/n on input line 26.
LaTeX Font Info:    Overwriting symbol font `letters' in version `bold'
(Font)                  OML/cmm/b/it --> OML/lmm/b/it on input line 27.
LaTeX Font Info:    Overwriting symbol font `symbols' in version `bold'
(Font)                  OMS/cmsy/b/n --> OMS/lmsy/b/n on input line 28.
LaTeX Font Info:    Overwriting symbol font `largesymbols' in version `bold'
(Font)                  OMX/cmex/m/n --> OMX/lmex/m/n on input line 29.
LaTeX Font Info:    Overwriting math alphabet `\mathbf' in version `normal'
(Font)                  OT1/cmr/bx/n --> OT1/lmr/bx/n on input line 31.
LaTeX Font Info:    Overwriting math alphabet `\mathsf' in version `normal'
(Font)                  OT1/cmss/m/n --> OT1/lmss/m/n on input line 32.
LaTeX Font Info:    Overwriting math alphabet `\mathit' in version `normal'
(Font)                  OT1/cmr/m/it --> OT1/lmr/m/it on input line 33.
LaTeX Font Info:    Overwriting math alphabet `\mathtt' in version `normal'
(Font)                  OT1/cmtt/m/n --> OT1/lmtt/m/n on input line 34.
LaTeX Font Info:    Overwriting math alphabet `\mathbf' in version `bold'
(Font)                  OT1/cmr/bx/n --> OT1/lmr/bx/n on input line 35.
LaTeX Font Info:    Overwriting math alphabet `\mathsf' in version `bold'
(Font)                  OT1/cmss/bx/n --> OT1/lmss/bx/n on input line 36.
LaTeX Font Info:    Overwriting math alphabet `\mathit' in version `bold'
(Font)                  OT1/cmr/bx/it --> OT1/lmr/bx/it on input line 37.
LaTeX Font Info:    Overwriting math alphabet `\mathtt' in version `bold'
(Font)                  OT1/cmtt/m/n --> OT1/lmtt/m/n on input line 38.
)
(c:/Users/fengf/AppData/Roaming/TinyTeX/texmf-dist/tex/latex/amsfonts/amssymb.s
ty
Package: amssymb 2013/01/14 v3.01 AMS font symbols

(c:/Users/fengf/AppData/Roaming/TinyTeX/texmf-dist/tex/latex/amsfonts/amsfonts.
sty
Package: amsfonts 2013/01/14 v3.01 Basic AMSFonts support
\@emptytoks=\toks15
\symAMSa=\mathgroup4
\symAMSb=\mathgroup5
LaTeX Font Info:    Redeclaring math symbol \hbar on input line 98.
LaTeX Font Info:    Overwriting math alphabet `\mathfrak' in version `bold'
(Font)                  U/euf/m/n --> U/euf/b/n on input line 106.
))
(c:/Users/fengf/AppData/Roaming/TinyTeX/texmf-dist/tex/latex/amsmath/amsmath.st
y
Package: amsmath 2020/01/20 v2.17e AMS math features
\@mathmargin=\skip49
For additional information on amsmath, use the `?' option.

(c:/Users/fengf/AppData/Roaming/TinyTeX/texmf-dist/tex/latex/amsmath/amstext.st
y
Package: amstext 2000/06/29 v2.01 AMS text

(c:/Users/fengf/AppData/Roaming/TinyTeX/texmf-dist/tex/latex/amsmath/amsgen.sty
File: amsgen.sty 1999/11/30 v2.0 generic functions
\@emptytoks=\toks16
\ex@=\dimen135
))
(c:/Users/fengf/AppData/Roaming/TinyTeX/texmf-dist/tex/latex/amsmath/amsbsy.sty
Package: amsbsy 1999/11/29 v1.2d Bold Symbols
\pmbraise@=\dimen136
)
(c:/Users/fengf/AppData/Roaming/TinyTeX/texmf-dist/tex/latex/amsmath/amsopn.sty
Package: amsopn 2016/03/08 v2.02 operator names
)
\inf@bad=\count175
LaTeX Info: Redefining \frac on input line 227.
\uproot@=\count176
\leftroot@=\count177
LaTeX Info: Redefining \overline on input line 389.
\classnum@=\count178
\DOTSCASE@=\count179
LaTeX Info: Redefining \ldots on input line 486.
LaTeX Info: Redefining \dots on input line 489.
LaTeX Info: Redefining \cdots on input line 610.
\Mathstrutbox@=\box45
\strutbox@=\box46
\big@size=\dimen137
LaTeX Font Info:    Redeclaring font encoding OML on input line 733.
LaTeX Font Info:    Redeclaring font encoding OMS on input line 734.
\macc@depth=\count180
\c@MaxMatrixCols=\count181
\dotsspace@=\muskip16
\c@parentequation=\count182
\dspbrk@lvl=\count183
\tag@help=\toks17
\row@=\count184
\column@=\count185
\maxfields@=\count186
\andhelp@=\toks18
\eqnshift@=\dimen138
\alignsep@=\dimen139
\tagshift@=\dimen140
\tagwidth@=\dimen141
\totwidth@=\dimen142
\lineht@=\dimen143
\@envbody=\toks19
\multlinegap=\skip50
\multlinetaggap=\skip51
\mathdisplay@stack=\toks20
LaTeX Info: Redefining \[ on input line 2859.
LaTeX Info: Redefining \] on input line 2860.
)
(c:/Users/fengf/AppData/Roaming/TinyTeX/texmf-dist/tex/generic/iftex/ifxetex.st
y
Package: ifxetex 2019/10/25 v0.7 ifxetex legacy package. Use iftex instead.
(c:/Users/fengf/AppData/Roaming/TinyTeX/texmf-dist/tex/generic/iftex/iftex.sty
Package: iftex 2019/11/07 v1.0c TeX engine tests
))
(c:/Users/fengf/AppData/Roaming/TinyTeX/texmf-dist/tex/generic/iftex/ifluatex.s
ty
Package: ifluatex 2019/10/25 v1.5 ifluatex legacy package. Use iftex instead.
) (c:/Users/fengf/AppData/Roaming/TinyTeX/texmf-dist/tex/latex/base/fixltx2e.st
y
Package: fixltx2e 2016/12/29 v2.1a fixes to LaTeX (obsolete)
Applying: [2015/01/01] Old fixltx2e package on input line 46.

Package fixltx2e Warning: fixltx2e is not required with releases after 2015
(fixltx2e)                All fixes are now in the LaTeX kernel.
(fixltx2e)                See the latexrelease package for details.

Already applied: [0000/00/00] Old fixltx2e package on input line 53.
) (c:/Users/fengf/AppData/Roaming/TinyTeX/texmf-dist/tex/latex/base/fontenc.sty
Package: fontenc 2020/02/11 v2.0o Standard LaTeX package
LaTeX Font Info:    Trying to load font information for T1+lmr on input line 11
2.
(c:/Users/fengf/AppData/Roaming/TinyTeX/texmf-dist/tex/latex/lm/t1lmr.fd
File: t1lmr.fd 2009/10/30 v1.6 Font defs for Latin Modern
)) (c:/Users/fengf/AppData/Roaming/TinyTeX/texmf-dist/tex/latex/base/inputenc.s
ty
Package: inputenc 2018/08/11 v1.3c Input encoding file
\inpenc@prehook=\toks21
\inpenc@posthook=\toks22
)
(c:/Users/fengf/AppData/Roaming/TinyTeX/texmf-dist/tex/latex/upquote/upquote.st
y
Package: upquote 2012/04/19 v1.3 upright-quote and grave-accent glyphs in verba
tim
(c:/Users/fengf/AppData/Roaming/TinyTeX/texmf-dist/tex/latex/base/textcomp.sty
Package: textcomp 2020/02/02 v2.0n Standard LaTeX package
))
(c:/Users/fengf/AppData/Roaming/TinyTeX/texmf-dist/tex/latex/tools/longtable.st
y
Package: longtable 2020/01/07 v4.13 Multi-page Table package (DPC)
\LTleft=\skip52
\LTright=\skip53
\LTpre=\skip54
\LTpost=\skip55
\LTchunksize=\count187
\LTcapwidth=\dimen144
\LT@head=\box47
\LT@firsthead=\box48
\LT@foot=\box49
\LT@lastfoot=\box50
\LT@cols=\count188
\LT@rows=\count189
\c@LT@tables=\count190
\c@LT@chunks=\count191
\LT@p@ftn=\toks23
)
(c:/Users/fengf/AppData/Roaming/TinyTeX/texmf-dist/tex/latex/booktabs/booktabs.
sty
Package: booktabs 2020/01/12 v1.61803398 Publication quality tables
\heavyrulewidth=\dimen145
\lightrulewidth=\dimen146
\cmidrulewidth=\dimen147
\belowrulesep=\dimen148
\belowbottomsep=\dimen149
\aboverulesep=\dimen150
\abovetopsep=\dimen151
\cmidrulesep=\dimen152
\cmidrulekern=\dimen153
\defaultaddspace=\dimen154
\@cmidla=\count192
\@cmidlb=\count193
\@aboverulesep=\dimen155
\@belowrulesep=\dimen156
\@thisruleclass=\count194
\@lastruleclass=\count195
\@thisrulewidth=\dimen157
)
(c:/Users/fengf/AppData/Roaming/TinyTeX/texmf-dist/tex/latex/graphics/graphicx.
sty
Package: graphicx 2019/11/30 v1.2a Enhanced LaTeX Graphics (DPC,SPQR)

(c:/Users/fengf/AppData/Roaming/TinyTeX/texmf-dist/tex/latex/graphics/keyval.st
y
Package: keyval 2014/10/28 v1.15 key=value parser (DPC)
\KV@toks@=\toks24
)
(c:/Users/fengf/AppData/Roaming/TinyTeX/texmf-dist/tex/latex/graphics/graphics.
sty
Package: graphics 2019/11/30 v1.4a Standard LaTeX Graphics (DPC,SPQR)
(c:/Users/fengf/AppData/Roaming/TinyTeX/texmf-dist/tex/latex/graphics/trig.sty
Package: trig 2016/01/03 v1.10 sin cos tan (DPC)
)
(c:/Users/fengf/AppData/Roaming/TinyTeX/texmf-dist/tex/latex/graphics-cfg/graph
ics.cfg
File: graphics.cfg 2016/06/04 v1.11 sample graphics configuration
)
Package graphics Info: Driver file: pdftex.def on input line 105.

(c:/Users/fengf/AppData/Roaming/TinyTeX/texmf-dist/tex/latex/graphics-def/pdfte
x.def
File: pdftex.def 2018/01/08 v1.0l Graphics/color driver for pdftex
))
\Gin@req@height=\dimen158
\Gin@req@width=\dimen159
)
(c:/Users/fengf/AppData/Roaming/TinyTeX/texmf-dist/tex/latex/grffile/grffile.st
y
Package: grffile 2019/11/11 v2.1 Extended file name support for graphics (legac
y)
Package grffile Info: This package is an empty stub for compatibility on input 
line 40.
)
(c:/Users/fengf/AppData/Roaming/TinyTeX/texmf-dist/tex/latex/parskip/parskip.st
y
Package: parskip 2020-01-22 v2.0d non-zero parskip adjustments

(c:/Users/fengf/AppData/Roaming/TinyTeX/texmf-dist/tex/latex/kvoptions/kvoption
s.sty
Package: kvoptions 2019/11/29 v3.13 Key value format for package options (HO)

(c:/Users/fengf/AppData/Roaming/TinyTeX/texmf-dist/tex/generic/ltxcmds/ltxcmds.
sty
Package: ltxcmds 2019/12/15 v1.24 LaTeX kernel commands for general use (HO)
)
(c:/Users/fengf/AppData/Roaming/TinyTeX/texmf-dist/tex/generic/kvsetkeys/kvsetk
eys.sty
Package: kvsetkeys 2019/12/15 v1.18 Key value parser (HO)
))
(c:/Users/fengf/AppData/Roaming/TinyTeX/texmf-dist/tex/latex/etoolbox/etoolbox.
sty
Package: etoolbox 2019/09/21 v2.5h e-TeX tools for LaTeX (JAW)
\etb@tempcnta=\count196
))
(c:/Users/fengf/AppData/Roaming/TinyTeX/texmf-dist/tex/latex/titling/titling.st
y
Package: titling 2009/09/04 v2.1d maketitle typesetting
\thanksmarkwidth=\skip56
\thanksmargin=\skip57
\droptitle=\skip58
)
(c:/Users/fengf/Documents/R/win-library/3.5/BiocStyle/resources/tex/Bioconducto
r.sty

LaTeX Warning: You have requested package `C:/Users/fengf/Documents/R/win-libra
ry/3.5/BiocStyle/resources/tex/Bioconductor',
               but the package provides `Bioconductor'.

Package: Bioconductor 2016/06/22 Bioconductor LaTeX Style
(c:/Users/fengf/AppData/Roaming/TinyTeX/texmf-dist/tex/latex/base/ifthen.sty
Package: ifthen 2014/09/29 v1.1c Standard LaTeX ifthen package (DPC)
)
(c:/Users/fengf/AppData/Roaming/TinyTeX/texmf-dist/tex/latex/graphics/color.sty
Package: color 2019/11/23 v1.2a Standard LaTeX Color (DPC)

(c:/Users/fengf/AppData/Roaming/TinyTeX/texmf-dist/tex/latex/graphics-cfg/color
.cfg
File: color.cfg 2016/01/02 v1.6 sample color configuration
)
Package color Info: Driver file: pdftex.def on input line 147.

(c:/Users/fengf/AppData/Roaming/TinyTeX/texmf-dist/tex/latex/graphics/dvipsnam.
def
File: dvipsnam.def 2016/06/17 v3.0m Driver-dependent file (DPC,SPQR)
))
(c:/Users/fengf/AppData/Roaming/TinyTeX/texmf-dist/tex/latex/hyperref/hyperref.
sty
Package: hyperref 2020/01/14 v7.00d Hypertext links for LaTeX

(c:/Users/fengf/AppData/Roaming/TinyTeX/texmf-dist/tex/latex/pdftexcmds/pdftexc
mds.sty
Package: pdftexcmds 2019/11/24 v0.31 Utility functions of pdfTeX for LuaTeX (HO
)

(c:/Users/fengf/AppData/Roaming/TinyTeX/texmf-dist/tex/generic/infwarerr/infwar
err.sty
Package: infwarerr 2019/12/03 v1.5 Providing info/warning/error messages (HO)
)
Package pdftexcmds Info: \pdf@primitive is available.
Package pdftexcmds Info: \pdf@ifprimitive is available.
Package pdftexcmds Info: \pdfdraftmode found.
)
(c:/Users/fengf/AppData/Roaming/TinyTeX/texmf-dist/tex/generic/kvdefinekeys/kvd
efinekeys.sty
Package: kvdefinekeys 2019-12-19 v1.6 Define keys (HO)
)
(c:/Users/fengf/AppData/Roaming/TinyTeX/texmf-dist/tex/generic/pdfescape/pdfesc
ape.sty
Package: pdfescape 2019/12/09 v1.15 Implements pdfTeX's escape features (HO)
)
(c:/Users/fengf/AppData/Roaming/TinyTeX/texmf-dist/tex/latex/hycolor/hycolor.st
y
Package: hycolor 2020-01-27 v1.10 Color options for hyperref/bookmark (HO)
)
(c:/Users/fengf/AppData/Roaming/TinyTeX/texmf-dist/tex/latex/letltxmacro/letltx
macro.sty
Package: letltxmacro 2019/12/03 v1.6 Let assignment for LaTeX macros (HO)
)
(c:/Users/fengf/AppData/Roaming/TinyTeX/texmf-dist/tex/latex/auxhook/auxhook.st
y
Package: auxhook 2019-12-17 v1.6 Hooks for auxiliary files (HO)
)
\@linkdim=\dimen160
\Hy@linkcounter=\count197
\Hy@pagecounter=\count198

(c:/Users/fengf/AppData/Roaming/TinyTeX/texmf-dist/tex/latex/hyperref/pd1enc.de
f
File: pd1enc.def 2020/01/14 v7.00d Hyperref: PDFDocEncoding definition (HO)
Now handling font encoding PD1 ...
... no UTF-8 mapping file for font encoding PD1
)
(c:/Users/fengf/AppData/Roaming/TinyTeX/texmf-dist/tex/generic/intcalc/intcalc.
sty
Package: intcalc 2019/12/15 v1.3 Expandable calculations with integers (HO)
)
(c:/Users/fengf/AppData/Roaming/TinyTeX/texmf-dist/tex/generic/etexcmds/etexcmd
s.sty
Package: etexcmds 2019/12/15 v1.7 Avoid name clashes with e-TeX commands (HO)
)
\Hy@SavedSpaceFactor=\count199
\pdfmajorversion=\count266
Package hyperref Info: Option `pdfpagelabels' set `true' on input line 4421.
Package hyperref Info: Option `plainpages' set `false' on input line 4421.
Package hyperref Info: Option `bookmarks' set `true' on input line 4421.
Package hyperref Info: Option `bookmarksopen' set `true' on input line 4421.
Package hyperref Info: Option `bookmarksnumbered' set `true' on input line 4421
.
Package hyperref Info: Option `hyperfootnotes' set `false' on input line 4421.
Package hyperref Info: Option `colorlinks' set `true' on input line 4421.
Package hyperref Info: Option `breaklinks' set `true' on input line 4421.
Package hyperref Info: Option `raiselinks' set `true' on input line 4421.
Package hyperref Info: Option `pdfusetitle' set `true' on input line 4421.
Package hyperref Info: Hyper figures OFF on input line 4547.
Package hyperref Info: Link nesting OFF on input line 4552.
Package hyperref Info: Hyper index ON on input line 4555.
Package hyperref Info: Plain pages OFF on input line 4562.
Package hyperref Info: Backreferencing OFF on input line 4567.
Package hyperref Info: Implicit mode ON; LaTeX internals redefined.
Package hyperref Info: Bookmarks ON on input line 4800.
\c@Hy@tempcnt=\count267
(c:/Users/fengf/AppData/Roaming/TinyTeX/texmf-dist/tex/latex/url/url.sty
\Urlmuskip=\muskip17
Package: url 2013/09/16  ver 3.4  Verb mode for urls, etc.
)
LaTeX Info: Redefining \url on input line 5159.
\XeTeXLinkMargin=\dimen161

(c:/Users/fengf/AppData/Roaming/TinyTeX/texmf-dist/tex/generic/bitset/bitset.st
y
Package: bitset 2019/12/09 v1.3 Handle bit-vector datatype (HO)

(c:/Users/fengf/AppData/Roaming/TinyTeX/texmf-dist/tex/generic/bigintcalc/bigin
tcalc.sty
Package: bigintcalc 2019/12/15 v1.5 Expandable calculations on big integers (HO
)
))
\Fld@menulength=\count268
\Field@Width=\dimen162
\Fld@charsize=\dimen163
Package hyperref Info: Hyper figures OFF on input line 6430.
Package hyperref Info: Link nesting OFF on input line 6435.
Package hyperref Info: Hyper index ON on input line 6438.
Package hyperref Info: backreferencing OFF on input line 6445.
Package hyperref Info: Link coloring ON on input line 6448.
Package hyperref Info: Link coloring with OCG OFF on input line 6455.
Package hyperref Info: PDF/A mode OFF on input line 6460.
LaTeX Info: Redefining \ref on input line 6500.
LaTeX Info: Redefining \pageref on input line 6504.

(c:/Users/fengf/AppData/Roaming/TinyTeX/texmf-dist/tex/generic/atbegshi/atbegsh
i.sty
Package: atbegshi 2019/12/05 v1.19 At begin shipout hook (HO)
)
\Hy@abspage=\count269
\c@Item=\count270
)
Package hyperref Info: Driver: hpdftex.

(c:/Users/fengf/AppData/Roaming/TinyTeX/texmf-dist/tex/latex/hyperref/hpdftex.d
ef
File: hpdftex.def 2020/01/14 v7.00d Hyperref driver for pdfTeX

(c:/Users/fengf/AppData/Roaming/TinyTeX/texmf-dist/tex/latex/atveryend/atveryen
d.sty
Package: atveryend 2019-12-11 v1.11 Hooks at the very end of document (HO)
)
\Fld@listcount=\count271
\c@bookmark@seq@number=\count272

(c:/Users/fengf/AppData/Roaming/TinyTeX/texmf-dist/tex/latex/rerunfilecheck/rer
unfilecheck.sty
Package: rerunfilecheck 2019/12/05 v1.9 Rerun checks for auxiliary files (HO)

(c:/Users/fengf/AppData/Roaming/TinyTeX/texmf-dist/tex/generic/uniquecounter/un
iquecounter.sty
Package: uniquecounter 2019/12/15 v1.4 Provide unlimited unique counter (HO)
)
Package uniquecounter Info: New unique counter `rerunfilecheck' on input line 2
86.
)
\Hy@SectionHShift=\skip59
)
(c:/Users/fengf/AppData/Roaming/TinyTeX/texmf-dist/tex/latex/geometry/geometry.
sty
Package: geometry 2020/01/02 v5.9 Page Geometry

(c:/Users/fengf/AppData/Roaming/TinyTeX/texmf-dist/tex/generic/iftex/ifvtex.sty
Package: ifvtex 2019/10/25 v1.7 ifvtex legacy package. Use iftex instead.
)
\Gm@cnth=\count273
\Gm@cntv=\count274
\c@Gm@tempcnt=\count275
\Gm@bindingoffset=\dimen164
\Gm@wd@mp=\dimen165
\Gm@odd@mp=\dimen166
\Gm@even@mp=\dimen167
\Gm@layoutwidth=\dimen168
\Gm@layoutheight=\dimen169
\Gm@layouthoffset=\dimen170
\Gm@layoutvoffset=\dimen171
\Gm@dimlist=\toks25
)
\hfskip=\skip60
\layoutw=\skip61
\layouth=\skip62
\layouthoff=\skip63
\layoutvoff=\skip64

Package geometry Warning: Over-specification in `h'-direction.
    `width' (384.1122pt) is ignored.

\overhang=\skip65
\rightoffset=\skip66
\fltoffset=\skip67
\capoffset=\skip68
(c:/Users/fengf/AppData/Roaming/TinyTeX/texmf-dist/tex/latex/bera/beramono.sty
Package: beramono 2004/01/31 (WaS)
) (c:/Users/fengf/AppData/Roaming/TinyTeX/texmf-dist/tex/latex/base/fontenc.sty
Package: fontenc 2020/02/11 v2.0o Standard LaTeX package
LaTeX Font Info:    Trying to load font information for T1+lmss on input line 1
12.
(c:/Users/fengf/AppData/Roaming/TinyTeX/texmf-dist/tex/latex/lm/t1lmss.fd
File: t1lmss.fd 2009/10/30 v1.6 Font defs for Latin Modern
))
(c:/Users/fengf/AppData/Roaming/TinyTeX/texmf-dist/tex/latex/titlesec/titlesec.
sty
Package: titlesec 2019/10/16 v2.13 Sectioning titles
\ttl@box=\box51
\beforetitleunit=\skip69
\aftertitleunit=\skip70
\ttl@plus=\dimen172
\ttl@minus=\dimen173
\ttl@toksa=\toks26
\titlewidth=\dimen174
\titlewidthlast=\dimen175
\titlewidthfirst=\dimen176
) (c:/Users/fengf/AppData/Roaming/TinyTeX/texmf-dist/tex/latex/framed/framed.st
y
Package: framed 2011/10/22 v 0.96: framed or shaded text with page breaks
\OuterFrameSep=\skip71
\fb@frw=\dimen177
\fb@frh=\dimen178
\FrameRule=\dimen179
\FrameSep=\dimen180
)
\voverhang=\skip72

(c:/Users/fengf/AppData/Roaming/TinyTeX/texmf-dist/tex/latex/fancyhdr/fancyhdr.
sty
Package: fancyhdr 2019/01/31 v3.10 Extensive control of page headers and footer
s
\f@nch@headwidth=\skip73
\f@nch@O@elh=\skip74
\f@nch@O@erh=\skip75
\f@nch@O@olh=\skip76
\f@nch@O@orh=\skip77
\f@nch@O@elf=\skip78
\f@nch@O@erf=\skip79
\f@nch@O@olf=\skip80
\f@nch@O@orf=\skip81
)

Package Fancyhdr Warning: \fancyhead's `E' option without twoside option is use
less on input line 162.


(c:/Users/fengf/AppData/Roaming/TinyTeX/texmf-dist/tex/latex/enumitem/enumitem.
sty
Package: enumitem 2019/06/20 v3.9 Customized lists
\labelindent=\skip82
\enit@outerparindent=\dimen181
\enit@toks=\toks27
\enit@inbox=\box52
\enit@count@id=\count276
\enitdp@description=\count277
)
(c:/Users/fengf/AppData/Roaming/TinyTeX/texmf-dist/tex/latex/nowidow/nowidow.st
y
Package: nowidow 2011/09/20 1.0 Easily prevent widows and orphans
Package: nowidow 
)
(c:/Users/fengf/AppData/Roaming/TinyTeX/texmf-dist/tex/latex/parnotes/parnotes.
sty
Package: parnotes 2019/07/23 rev. 3b Notes after every paragraph, or elsewhere
\c@parnotemark=\count278
)
(c:/Users/fengf/AppData/Roaming/TinyTeX/texmf-dist/tex/latex/preprint/authblk.s
ty
Package: authblk 2001/02/27 1.3 (PWD)
\affilsep=\skip83
\@affilsep=\skip84
\c@Maxaffil=\count279
\c@authors=\count280
\c@affil=\count281
) (c:/Users/fengf/AppData/Roaming/TinyTeX/texmf-dist/tex/latex/soul/soul.sty
Package: soul 2003/11/17 v2.4 letterspacing/underlining (mf)
\SOUL@word=\toks28
\SOUL@lasttoken=\toks29
\SOUL@cmds=\toks30
\SOUL@buffer=\toks31
\SOUL@token=\toks32
\SOUL@spaceskip=\skip85
\SOUL@ttwidth=\dimen182
\SOUL@uldp=\dimen183
\SOUL@ulht=\dimen184
)
(c:/Users/fengf/AppData/Roaming/TinyTeX/texmf-dist/tex/latex/placeins/placeins.
sty
Package: placeins 2005/04/18  v 2.2
)
(c:/Users/fengf/AppData/Roaming/TinyTeX/texmf-dist/tex/latex/ragged2e/ragged2e.
sty
Package: ragged2e 2019/07/28 v2.2 ragged2e Package (MS)
(c:/Users/fengf/AppData/Roaming/TinyTeX/texmf-dist/tex/latex/ms/everysel.sty
Package: everysel 2011/10/28 v1.2 EverySelectfont Package (MS)
)
\CenteringLeftskip=\skip86
\RaggedLeftLeftskip=\skip87
\RaggedRightLeftskip=\skip88
\CenteringRightskip=\skip89
\RaggedLeftRightskip=\skip90
\RaggedRightRightskip=\skip91
\CenteringParfillskip=\skip92
\RaggedLeftParfillskip=\skip93
\RaggedRightParfillskip=\skip94
\JustifyingParfillskip=\skip95
\CenteringParindent=\skip96
\RaggedLeftParindent=\skip97
\RaggedRightParindent=\skip98
\JustifyingParindent=\skip99
)
(c:/Users/fengf/AppData/Roaming/TinyTeX/texmf-dist/tex/latex/footmisc/footmisc.
sty
Package: footmisc 2011/06/06 v5.5b a miscellany of footnote facilities
\FN@temptoken=\toks33
\footnotemargin=\dimen185
\c@pp@next@reset=\count282
Package footmisc Info: Declaring symbol style bringhurst on input line 855.
Package footmisc Info: Declaring symbol style chicago on input line 863.
Package footmisc Info: Declaring symbol style wiley on input line 872.
Package footmisc Info: Declaring symbol style lamport-robust on input line 883.

Package footmisc Info: Declaring symbol style lamport* on input line 903.
Package footmisc Info: Declaring symbol style lamport*-robust on input line 924
.
)
(c:/Users/fengf/AppData/Roaming/TinyTeX/texmf-dist/tex/latex/marginfix/marginfi
x.sty
Package: marginfix 2013/09/08 v1.1 Fix Margin Paragraphs
\Mfx@inject@insert=\insert252
\Mfx@marginbox=\box53
\Mfx@marginpos@min=\dimen186
\Mfx@marginpos@max=\dimen187
\Mfx@marginspace=\dimen188
\Mfx@marginheight=\dimen189
\Mfx@piece@content=\box54
\Mfx@piece@count=\count283
\Mfx@mparshift=\dimen190
\marginheightadjustment=\dimen191
\marginposadjustment=\dimen192
\Mfx@strutheight=\dimen193
)
(c:/Users/fengf/AppData/Roaming/TinyTeX/texmf-dist/tex/latex/changepage/changep
age.sty
Package: changepage 2009/10/20 v1.0c check page and change page layout
\c@cp@cntr=\count284
\cp@tempcnt=\count285
)
(c:/Users/fengf/AppData/Roaming/TinyTeX/texmf-dist/tex/latex/caption/caption.st
y
Package: caption 2020/01/03 v3.4h Customizing captions (AR)

(c:/Users/fengf/AppData/Roaming/TinyTeX/texmf-dist/tex/latex/caption/caption3.s
ty
Package: caption3 2020/01/03 v1.8h caption3 kernel (AR)
Package caption3 Info: TeX engine: e-TeX on input line 61.
\captionmargin=\dimen194
\captionmargin@=\dimen195
\captionwidth=\dimen196
\caption@tempdima=\dimen197
\caption@indent=\dimen198
\caption@parindent=\dimen199
\caption@hangindent=\dimen256
Package caption Info: Standard document class detected.
)
\c@caption@flags=\count286
\c@continuedfloat=\count287
Package caption Info: hyperref package is loaded.
Package caption Info: longtable package is loaded.

(c:/Users/fengf/AppData/Roaming/TinyTeX/texmf-dist/tex/latex/caption/ltcaption.
sty
Package: ltcaption 2018/08/26 v1.4a longtable captions (AR)
))
(c:/Users/fengf/AppData/Roaming/TinyTeX/texmf-dist/tex/generic/xstring/xstring.
sty
(c:/Users/fengf/AppData/Roaming/TinyTeX/texmf-dist/tex/generic/xstring/xstring.
tex
\integerpart=\count288
\decimalpart=\count289
)
Package: xstring 2019/02/06 v1.83 String manipulations (CT)
)
(c:/Users/fengf/AppData/Roaming/TinyTeX/texmf-dist/tex/latex/titlesec/titletoc.
sty
Package: titletoc 2019/10/16 v2.13 TOC entries
\ttl@leftsep=\dimen257
)
\rightextend=\skip100

(c:/Users/fengf/AppData/Roaming/TinyTeX/texmf-dist/tex/latex/mathtools/mathtool
s.sty
Package: mathtools 2020/01/17 v1.23 mathematical typesetting tools
(c:/Users/fengf/AppData/Roaming/TinyTeX/texmf-dist/tex/latex/tools/calc.sty
Package: calc 2017/05/25 v4.3 Infix arithmetic (KKT,FJ)
\calc@Acount=\count290
\calc@Bcount=\count291
\calc@Adimen=\dimen258
\calc@Bdimen=\dimen259
\calc@Askip=\skip101
\calc@Bskip=\skip102
LaTeX Info: Redefining \setlength on input line 80.
LaTeX Info: Redefining \addtolength on input line 81.
\calc@Ccount=\count292
\calc@Cskip=\skip103
)
(c:/Users/fengf/AppData/Roaming/TinyTeX/texmf-dist/tex/latex/mathtools/mhsetup.
sty
Package: mhsetup 2017/03/31 v1.3 programming setup (MH)
)
LaTeX Info: Thecontrolsequence`\('isalreadyrobust on input line 129.
LaTeX Info: Thecontrolsequence`\)'isalreadyrobust on input line 129.
LaTeX Info: Thecontrolsequence`\['isalreadyrobust on input line 129.
LaTeX Info: Thecontrolsequence`\]'isalreadyrobust on input line 129.
\g_MT_multlinerow_int=\count293
\l_MT_multwidth_dim=\dimen260
\origjot=\skip104
\l_MT_shortvdotswithinadjustabove_dim=\dimen261
\l_MT_shortvdotswithinadjustbelow_dim=\dimen262
\l_MT_above_intertext_sep=\dimen263
\l_MT_below_intertext_sep=\dimen264
\l_MT_above_shortintertext_sep=\dimen265
\l_MT_below_shortintertext_sep=\dimen266
)
Patching longtable .
Patching longtable ..
Patching longtable ...
Patching longtable done!
)
(c:/Users/fengf/AppData/Roaming/TinyTeX/texmf-dist/tex/latex/fancyvrb/fancyvrb.
sty
Package: fancyvrb 2020/01/13 v3.5 verbatim text (tvz,hv)
\FV@CodeLineNo=\count294
\FV@InFile=\read2
\FV@TabBox=\box55
\c@FancyVerbLine=\count295
\FV@StepNumber=\count296
\FV@OutFile=\write3
)
(c:/Users/fengf/AppData/Roaming/TinyTeX/texmf-dist/tex/latex/l3backend/l3backen
d-pdfmode.def
File: l3backend-pdfmode.def 2020-02-23 L3 backend support: PDF mode
\l__kernel_color_stack_int=\count297
\l__pdf_internal_box=\box56
) (./DComboNet-vignette.aux)
\openout1 = `DComboNet-vignette.aux'.

LaTeX Font Info:    Checking defaults for OML/cmm/m/it on input line 136.
LaTeX Font Info:    ... okay on input line 136.
LaTeX Font Info:    Checking defaults for OMS/cmsy/m/n on input line 136.
LaTeX Font Info:    ... okay on input line 136.
LaTeX Font Info:    Checking defaults for OT1/cmr/m/n on input line 136.
LaTeX Font Info:    ... okay on input line 136.
LaTeX Font Info:    Checking defaults for T1/cmr/m/n on input line 136.
LaTeX Font Info:    ... okay on input line 136.
LaTeX Font Info:    Checking defaults for TS1/cmr/m/n on input line 136.
LaTeX Font Info:    ... okay on input line 136.
LaTeX Font Info:    Checking defaults for OMX/cmex/m/n on input line 136.
LaTeX Font Info:    ... okay on input line 136.
LaTeX Font Info:    Checking defaults for U/cmr/m/n on input line 136.
LaTeX Font Info:    ... okay on input line 136.
LaTeX Font Info:    Checking defaults for PD1/pdf/m/n on input line 136.
LaTeX Font Info:    ... okay on input line 136.

(c:/Users/fengf/AppData/Roaming/TinyTeX/texmf-dist/tex/latex/epstopdf-pkg/epsto
pdf-base.sty
Package: epstopdf-base 2020-01-24 v2.11 Base part for package epstopdf
Package epstopdf-base Info: Redefining graphics rule for `.eps' on input line 4
85.

(c:/Users/fengf/AppData/Roaming/TinyTeX/texmf-dist/tex/latex/latexconfig/epstop
df-sys.cfg
File: epstopdf-sys.cfg 2010/07/13 v1.3 Configuration of (r)epstopdf for TeX Liv
e
))
\AtBeginShipoutBox=\box57
Package hyperref Info: Link coloring ON on input line 136.

(c:/Users/fengf/AppData/Roaming/TinyTeX/texmf-dist/tex/latex/hyperref/nameref.s
ty
Package: nameref 2019/09/16 v2.46 Cross-referencing by name of section

(c:/Users/fengf/AppData/Roaming/TinyTeX/texmf-dist/tex/latex/refcount/refcount.
sty
Package: refcount 2019/12/15 v3.6 Data extraction from label references (HO)
)
(c:/Users/fengf/AppData/Roaming/TinyTeX/texmf-dist/tex/generic/gettitlestring/g
ettitlestring.sty
Package: gettitlestring 2019/12/15 v1.6 Cleanup title references (HO)
)
\c@section@level=\count298
)
LaTeX Info: Redefining \ref on input line 136.
LaTeX Info: Redefining \pageref on input line 136.
LaTeX Info: Redefining \nameref on input line 136.
(./DComboNet-vignette.out) (./DComboNet-vignette.out)
\@outlinefile=\write4
\openout4 = `DComboNet-vignette.out'.

*geometry* driver: auto-detecting
*geometry* detected driver: pdftex
*geometry* verbose mode - [ preamble ] result:
* driver: pdftex
* paper: <default>
* layout: <custom>
* layout(width,height): (597.50787pt,794.96999pt)
* layoutoffset:(h,v)=(8.39355pt,0.0pt)
* modes: includehead includefoot 
* h-part:(L,W,R)=(85.35826pt, 384.11221pt, 128.0374pt)
* v-part:(T,H,B)=(42.67912pt, 709.61174pt, 42.67912pt)
* \paperwidth=614.295pt
* \paperheight=794.96999pt
* \textwidth=384.11221pt
* \textheight=624.2535pt
* \oddsidemargin=21.48183pt
* \evensidemargin=21.48183pt
* \topmargin=-29.59087pt
* \headheight=42.67912pt
* \headsep=0.0pt
* \topskip=10.0pt
* \footskip=42.67912pt
* \marginparwidth=85.35826pt
* \marginparsep=14.22636pt
* \columnsep=10.0pt
* \skip\footins=9.0pt plus 4.0pt minus 2.0pt
* \hoffset=0.0pt
* \voffset=0.0pt
* \mag=1000
* \@twocolumnfalse
* \@twosidefalse
* \@mparswitchfalse
* \@reversemarginfalse
* (1in=72.27pt=25.4mm, 1cm=28.453pt)

ABD: EverySelectfont initializing macros
LaTeX Info: Redefining \selectfont on input line 136.
Package caption Info: Begin \AtBeginDocument code.
Package caption Info: End \AtBeginDocument code.
LaTeX Font Info:    Trying to load font information for T1+phv on input line 13
7.
LaTeX Font Info:    No file T1phv.fd. on input line 137.

LaTeX Font Warning: Font shape `T1/phv/m/n' undefined
(Font)              using `T1/cmr/m/n' instead on input line 137.


LaTeX Font Warning: Font shape `T1/phv/b/n' undefined
(Font)              using `T1/phv/m/n' instead on input line 137.

LaTeX Font Info:    Font shape `T1/lmss/bx/it' in size <14.4> not available
(Font)              Font shape `T1/lmss/bx/sl' tried instead on input line 137.

(./DComboNet-vignette.toc)
\tf@toc=\write5
\openout5 = `DComboNet-vignette.toc'.

[1

{c:/Users/fengf/AppData/Roaming/TinyTeX/texmf-var/fonts/map/pdftex/updmap/pdfte
x.map}]
LaTeX Font Info:    Trying to load font information for OT1+lmr on input line 1
55.
(c:/Users/fengf/AppData/Roaming/TinyTeX/texmf-dist/tex/latex/lm/ot1lmr.fd
File: ot1lmr.fd 2009/10/30 v1.6 Font defs for Latin Modern
)
LaTeX Font Info:    Trying to load font information for OML+lmm on input line 1
55.
(c:/Users/fengf/AppData/Roaming/TinyTeX/texmf-dist/tex/latex/lm/omllmm.fd
File: omllmm.fd 2009/10/30 v1.6 Font defs for Latin Modern
)
LaTeX Font Info:    Trying to load font information for OMS+lmsy on input line 
155.
(c:/Users/fengf/AppData/Roaming/TinyTeX/texmf-dist/tex/latex/lm/omslmsy.fd
File: omslmsy.fd 2009/10/30 v1.6 Font defs for Latin Modern
)
LaTeX Font Info:    Trying to load font information for OMX+lmex on input line 
155.
(c:/Users/fengf/AppData/Roaming/TinyTeX/texmf-dist/tex/latex/lm/omxlmex.fd
File: omxlmex.fd 2009/10/30 v1.6 Font defs for Latin Modern
)
LaTeX Font Info:    External font `lmex10' loaded for size
(Font)              <10> on input line 155.
LaTeX Font Info:    External font `lmex10' loaded for size
(Font)              <7> on input line 155.
LaTeX Font Info:    External font `lmex10' loaded for size
(Font)              <5> on input line 155.
LaTeX Font Info:    Trying to load font information for U+msa on input line 155
.
(c:/Users/fengf/AppData/Roaming/TinyTeX/texmf-dist/tex/latex/amsfonts/umsa.fd
File: umsa.fd 2013/01/14 v3.01 AMS symbols A
)
LaTeX Font Info:    Trying to load font information for U+msb on input line 155
.
(c:/Users/fengf/AppData/Roaming/TinyTeX/texmf-dist/tex/latex/amsfonts/umsb.fd
File: umsb.fd 2013/01/14 v3.01 AMS symbols B
)
LaTeX Font Info:    Trying to load font information for T1+fvm on input line 17
4.
(c:/Users/fengf/AppData/Roaming/TinyTeX/texmf-dist/tex/latex/bera/t1fvm.fd
File: t1fvm.fd 2004/09/07 scalable font definitions for T1/fvm.
)
LaTeX Font Info:    Font shape `T1/fvm/m/n' will be
(Font)              scaled to size 7.98004pt on input line 174.
LaTeX Font Info:    Font shape `T1/lmss/m/it' in size <10> not available
(Font)              Font shape `T1/lmss/m/sl' tried instead on input line 182.
LaTeX Font Info:    Font shape `T1/fvm/m/it' in size <10> not available
(Font)              Font shape `T1/fvm/m/sl' tried instead on input line 187.
LaTeX Font Info:    Font shape `T1/fvm/m/sl' will be
(Font)              scaled to size 7.98004pt on input line 187.
LaTeX Font Info:    Trying to load font information for TS1+fvm on input line 1
87.
(c:/Users/fengf/AppData/Roaming/TinyTeX/texmf-dist/tex/latex/bera/ts1fvm.fd
File: ts1fvm.fd 2004/09/07 scalable font definitions for TS1/fvm.
)
LaTeX Font Info:    Font shape `TS1/fvm/m/it' in size <10> not available
(Font)              Font shape `TS1/fvm/m/sl' tried instead on input line 187.
LaTeX Font Info:    Font shape `TS1/fvm/m/sl' will be
(Font)              scaled to size 7.98004pt on input line 187.
[2]
Package atveryend Info: Empty hook `BeforeClearDocument' on input line 207.
[3]
Package atveryend Info: Empty hook `AfterLastShipout' on input line 207.
(./DComboNet-vignette.aux)
Package atveryend Info: Executing hook `AtVeryEndDocument' on input line 207.
Package atveryend Info: Executing hook `AtEndAfterFileList' on input line 207.
Package rerunfilecheck Info: File `DComboNet-vignette.out' has not changed.
(rerunfilecheck)             Checksum: 4A5A870C375C33DFBFCDF40FFD321032;726.

LaTeX Font Warning: Some font shapes were not available, defaults substituted.

 ) 
Here is how much of TeX's memory you used:
 11764 strings out of 482913
 183767 string characters out of 5957400
 458092 words of memory out of 5000000
 26709 multiletter control sequences out of 15000+600000
 584663 words of font info for 64 fonts, out of 8000000 for 9000
 14 hyphenation exceptions out of 8191
 46i,13n,49p,1277b,388s stack positions out of 5000i,500n,10000p,200000b,80000s
{c:/Users/fengf/AppData/Roaming/TinyTeX/texmf-dist/fonts/enc/dvips/base/8r.en
c}{c:/Users/fengf/AppData/Roaming/TinyTeX/texmf-dist/fonts/enc/dvips/lm/lm-ec.e
nc} <c:/Users/fengf/AppData/Roaming/TinyTeX/texmf-var/fonts/pk/ljfour/jknappen/
ec/ecrm1440.600pk> <c:/Users/fengf/AppData/Roaming/TinyTeX/texmf-var/fonts/pk/l
jfour/jknappen/ec/ecrm1000.600pk> <c:/Users/fengf/AppData/Roaming/TinyTeX/texmf
-var/fonts/pk/ljfour/jknappen/ec/ecrm0900.600pk> <c:/Users/fengf/AppData/Roamin
g/TinyTeX/texmf-var/fonts/pk/ljfour/jknappen/ec/ecrm1200.600pk> <c:/Users/fengf
/AppData/Roaming/TinyTeX/texmf-var/fonts/pk/ljfour/jknappen/ec/ecrm1728.600pk> 
<c:/Users/fengf/AppData/Roaming/TinyTeX/texmf-var/fonts/pk/ljfour/jknappen/ec/e
crm2074.600pk><c:/Users/fengf/AppData/Roaming/TinyTeX/texmf-dist/fonts/type1/pu
blic/bera/fvmr8a.pfb><c:/Users/fengf/AppData/Roaming/TinyTeX/texmf-dist/fonts/t
ype1/public/bera/fvmro8a.pfb><c:/Users/fengf/AppData/Roaming/TinyTeX/texmf-dist
/fonts/type1/public/lm/lmss10.pfb><c:/Users/fengf/AppData/Roaming/TinyTeX/texmf
-dist/fonts/type1/public/lm/lmss8.pfb><c:/Users/fengf/AppData/Roaming/TinyTeX/t
exmf-dist/fonts/type1/public/lm/lmssbo10.pfb><c:/Users/fengf/AppData/Roaming/Ti
nyTeX/texmf-dist/fonts/type1/public/lm/lmssbx10.pfb><c:/Users/fengf/AppData/Roa
ming/TinyTeX/texmf-dist/fonts/type1/public/lm/lmsso10.pfb>
Output written on DComboNet-vignette.pdf (3 pages, 153674 bytes).
PDF statistics:
 271 PDF objects out of 1000 (max. 8388607)
 121 compressed objects within 2 object streams
 15 named destinations out of 1000 (max. 500000)
 89 words of extra memory for PDF output out of 10000 (max. 10000000)


! This is METAFONT, Version 2.7182818 (TeX Live 2019/W32TeX) (preloaded base=mf)


! (c:/Users/fengf/AppData/Roaming/TinyTeX/texmf-dist/fonts/source/jknappen/ec/ecr
! m0900.mf
! (c:/Users/fengf/AppData/Roaming/TinyTeX/texmf-dist/fonts/source/jknappen/ec/exb
! ase.mf)
! (c:/Users/fengf/AppData/Roaming/TinyTeX/texmf-dist/fonts/source/jknappen/ec/ecr
! m.mf
! (c:/Users/fengf/AppData/Roaming/TinyTeX/texmf-dist/fonts/source/jknappen/ec/exr
! oman.mf
!  Ok
! (c:/Users/fengf/AppData/Roaming/TinyTeX/texmf-dist/fonts/source/jknappen/ec/exa
! ccess.mf
!  Ok)
! (c:/Users/fengf/AppData/Roaming/TinyTeX/texmf-dist/fonts/source/jknappen/ec/exp
! seudo.mf
!  Ok)
! (c:/Users/fengf/AppData/Roaming/TinyTeX/texmf-dist/fonts/source/jknappen/ec/exr
! uwest.mf
!  Ok [192] [193] [194] [195] [196] [197] [198] [199] [200] [201] [202] [203]
! [204] [205] [206] [207] [208] [209] [210] [211] [212] [213] [214] [215]
! [216] [217] [218] [219] [220] [221] [222] [223])
! (c:/Users/fengf/AppData/Roaming/TinyTeX/texmf-dist/fonts/source/jknappen/ec/exr
! lwest.mf
!  Ok [224] [225] [226] [227] [228] [229] [230] [231] [232] [233] [234] [235]
! [236] [237] [238] [239] [240] [241] [242] [243] [244] [245] [246] [247]
! [248] [249] [250] [251] [252] [253] [254] [255])
! (c:/Users/fengf/AppData/Roaming/TinyTeX/texmf-dist/fonts/source/jknappen/ec/exr
! ueast.mf
!  Ok [128] [129] [130] [131] [132] [133] [134] [135] [136] [137] [138] [139]
! [140] [141] [142] [143] [144] [145] [146] [147] [148] [149] [150] [151]
! [152] [153] [154] [155] [156] [157])
! (c:/Users/fengf/AppData/Roaming/TinyTeX/texmf-dist/fonts/source/jknappen/ec/exr
! least.mf
!  Ok [158] [160] [161] [162] [163] [164] [165] [166] [167] [168] [169] [170]
! [171] [172] [173] [174] [175] [176] [177] [178] [179] [180] [181] [182]
! [183] [184] [185] [186] [187] [188])
! (c:/Users/fengf/AppData/Roaming/TinyTeX/texmf-dist/fonts/source/jknappen/ec/exb
! races.mf
!  Ok [94] [126] [23] [40] [41] [60] [124] [62] [91] [93] [92] [123] [125]
! [95] [127] [32])
! (c:/Users/fengf/AppData/Roaming/TinyTeX/texmf-dist/fonts/source/jknappen/ec/exp
! unct.mf
!  Ok [14] [15] [19] [20] [13] [18] [33] [39] [42] [43] [44] [46] [47] [58]
! [59] [61] [96] [189] [17] [45] [16] [21] [22])
! (c:/Users/fengf/AppData/Roaming/TinyTeX/texmf-dist/fonts/source/jknappen/ec/exa
! ccent.mf
!  Ok [0] [1] [2] [3] [4] [5] [6] [7] [8] [9] [10] [11] [12])
! (c:/Users/fengf/AppData/Roaming/TinyTeX/texmf-dist/fonts/source/jknappen/ec/exs
! ign.mf
!  Ok [24] [34] [35] [36] [37] [64] [191] [159])
! (c:/Users/fengf/AppData/Roaming/TinyTeX/texmf-dist/fonts/source/jknappen/ec/exr
! lig.mf
!  Ok [25] [26] [28] [27] [29] [30] [31])
! (c:/Users/fengf/AppData/Roaming/TinyTeX/texmf-dist/fonts/source/jknappen/ec/exr
! omp.mf
!  Ok [38] [63] [190])
! (c:/Users/fengf/AppData/Roaming/TinyTeX/texmf-dist/fonts/source/jknappen/ec/exr
! ulett.mf
!  Ok [65] [66] [67] [68] [69] [70] [71] [72] [73] [74] [75] [76] [77] [78]
! [79] [80] [81] [82] [83] [84] [85] [86] [87] [88] [89] [90])
! (c:/Users/fengf/AppData/Roaming/TinyTeX/texmf-dist/fonts/source/jknappen/ec/exr
! llett.mf
!  Ok [97] [98] [99] [100] [101] [102] [103] [104] [105] [106] [107] [108]
! [109] [110] [111] [112] [113] [114] [115] [116] [117] [118] [119] [120]
! [121] [122])
! (c:/Users/fengf/AppData/Roaming/TinyTeX/texmf-dist/fonts/source/jknappen/ec/exr
! digit.mf
!  Ok [48] [49] [50] [51] [52] [53] [54] [55] [56] [57])
! (c:/Users/fengf/AppData/Roaming/TinyTeX/texmf-dist/fonts/source/jknappen/ec/exr
! ligtb.mf
!  Ok) ) ) )
! (some charht values had to be adjusted by as much as 0.07498pt)
! Font metrics written on ecrm0900.tfm.
! Output written on ecrm0900.600gf (256 characters, 46448 bytes).
! Transcript written on ecrm0900.log.
! mf-nowin.exe --progname=mf --base=mf \mode:=ljfour; \mag:=1+0/600; nonstopmode; input ecrm0900;
! gftopk.exe ecrm0900.600gf ecrm0900.600pk
! This is METAFONT, Version 2.7182818 (TeX Live 2019/W32TeX) (preloaded base=mf)


! (c:/Users/fengf/AppData/Roaming/TinyTeX/texmf-dist/fonts/source/jknappen/ec/ecr
! m1200.mf
! (c:/Users/fengf/AppData/Roaming/TinyTeX/texmf-dist/fonts/source/jknappen/ec/exb
! ase.mf)
! (c:/Users/fengf/AppData/Roaming/TinyTeX/texmf-dist/fonts/source/jknappen/ec/ecr
! m.mf
! (c:/Users/fengf/AppData/Roaming/TinyTeX/texmf-dist/fonts/source/jknappen/ec/exr
! oman.mf
!  Ok
! (c:/Users/fengf/AppData/Roaming/TinyTeX/texmf-dist/fonts/source/jknappen/ec/exa
! ccess.mf
!  Ok)
! (c:/Users/fengf/AppData/Roaming/TinyTeX/texmf-dist/fonts/source/jknappen/ec/exp
! seudo.mf
!  Ok)
! (c:/Users/fengf/AppData/Roaming/TinyTeX/texmf-dist/fonts/source/jknappen/ec/exr
! uwest.mf
!  Ok [192] [193] [194] [195] [196] [197] [198] [199] [200] [201] [202] [203]
! [204] [205] [206] [207] [208] [209] [210] [211] [212] [213] [214] [215]
! [216] [217] [218] [219] [220] [221] [222] [223])
! (c:/Users/fengf/AppData/Roaming/TinyTeX/texmf-dist/fonts/source/jknappen/ec/exr
! lwest.mf
!  Ok [224] [225] [226] [227] [228] [229] [230] [231] [232] [233] [234] [235]
! [236] [237] [238] [239] [240] [241] [242] [243] [244] [245] [246] [247]
! [248] [249] [250] [251] [252] [253] [254] [255])
! (c:/Users/fengf/AppData/Roaming/TinyTeX/texmf-dist/fonts/source/jknappen/ec/exr
! ueast.mf
!  Ok [128] [129] [130] [131] [132] [133] [134] [135] [136] [137] [138] [139]
! [140] [141] [142] [143] [144] [145] [146] [147] [148] [149] [150] [151]
! [152] [153] [154] [155] [156] [157])
! (c:/Users/fengf/AppData/Roaming/TinyTeX/texmf-dist/fonts/source/jknappen/ec/exr
! least.mf
!  Ok [158] [160] [161] [162] [163] [164] [165] [166] [167] [168] [169] [170]
! [171] [172] [173] [174] [175] [176] [177] [178] [179] [180] [181] [182]
! [183] [184] [185] [186] [187] [188])
! (c:/Users/fengf/AppData/Roaming/TinyTeX/texmf-dist/fonts/source/jknappen/ec/exb
! races.mf
!  Ok [94] [126] [23] [40] [41] [60] [124] [62] [91] [93] [92] [123] [125]
! [95] [127] [32])
! (c:/Users/fengf/AppData/Roaming/TinyTeX/texmf-dist/fonts/source/jknappen/ec/exp
! unct.mf
!  Ok [14] [15] [19] [20] [13] [18] [33] [39] [42] [43] [44] [46] [47] [58]
! [59] [61] [96] [189] [17] [45] [16] [21] [22])
! (c:/Users/fengf/AppData/Roaming/TinyTeX/texmf-dist/fonts/source/jknappen/ec/exa
! ccent.mf
!  Ok [0] [1] [2] [3] [4] [5] [6] [7] [8] [9] [10] [11] [12])
! (c:/Users/fengf/AppData/Roaming/TinyTeX/texmf-dist/fonts/source/jknappen/ec/exs
! ign.mf
!  Ok [24] [34] [35] [36] [37] [64] [191] [159])
! (c:/Users/fengf/AppData/Roaming/TinyTeX/texmf-dist/fonts/source/jknappen/ec/exr
! lig.mf
!  Ok [25] [26] [28] [27] [29] [30] [31])
! (c:/Users/fengf/AppData/Roaming/TinyTeX/texmf-dist/fonts/source/jknappen/ec/exr
! omp.mf
!  Ok [38] [63] [190])
! (c:/Users/fengf/AppData/Roaming/TinyTeX/texmf-dist/fonts/source/jknappen/ec/exr
! ulett.mf
!  Ok [65] [66] [67] [68] [69] [70] [71] [72] [73] [74] [75] [76] [77] [78]
! [79] [80] [81] [82] [83] [84] [85] [86] [87] [88] [89] [90])
! (c:/Users/fengf/AppData/Roaming/TinyTeX/texmf-dist/fonts/source/jknappen/ec/exr
! llett.mf
!  Ok [97] [98] [99] [100] [101] [102] [103] [104] [105] [106] [107] [108]
! [109] [110] [111] [112] [113] [114] [115] [116] [117] [118] [119] [120]
! [121] [122])
! (c:/Users/fengf/AppData/Roaming/TinyTeX/texmf-dist/fonts/source/jknappen/ec/exr
! digit.mf
!  Ok [48] [49] [50] [51] [52] [53] [54] [55] [56] [57])
! (c:/Users/fengf/AppData/Roaming/TinyTeX/texmf-dist/fonts/source/jknappen/ec/exr
! ligtb.mf
!  Ok) ) ) )
! (some charht values had to be adjusted by as much as 0.07143pt)
! Font metrics written on ecrm1200.tfm.
! Output written on ecrm1200.600gf (256 characters, 60320 bytes).
! Transcript written on ecrm1200.log.
! mf-nowin.exe --progname=mf --base=mf \mode:=ljfour; \mag:=1+0/600; nonstopmode; input ecrm1200;
! gftopk.exe ecrm1200.600gf ecrm1200.600pk

! kpathsea: Running mktexpk --mfmode / --bdpi 600 --mag 1+0/600 --dpi 600 ecrm0900

! The command name is C:\Users\fengf\AppData\Roaming\TinyTeX\bin\win32\mktexpk

! kpathsea: Running mktexpk --mfmode / --bdpi 600 --mag 1+0/600 --dpi 600 ecrm1200

! The command name is C:\Users\fengf\AppData\Roaming\TinyTeX\bin\win32\mktexpk
